SF:lib/application/changelog/changelog_service.dart
DA:18,0
DA:20,0
DA:21,0
DA:22,0
DA:24,0
DA:25,0
DA:32,0
DA:34,0
DA:35,0
DA:36,0
DA:39,0
DA:41,0
DA:43,0
DA:44,0
DA:47,0
DA:48,0
DA:49,0
DA:50,0
DA:53,0
LF:19
LH:0
end_of_record
SF:lib/application/network_logs/network_event_service.dart
DA:15,0
DA:16,0
DA:17,0
DA:18,0
DA:19,0
DA:22,0
DA:26,0
DA:27,0
DA:28,0
DA:34,0
DA:37,0
DA:38,0
DA:41,0
DA:42,0
DA:43,0
DA:44,0
DA:48,0
DA:49,0
DA:50,0
LF:19
LH:0
end_of_record
SF:lib/application/version_service.dart
DA:9,0
DA:10,0
LF:2
LH:0
end_of_record
SF:lib/presentation/device/pages/device_info_page.dart
DA:11,1
DA:17,0
DA:18,0
DA:19,0
DA:24,1
DA:26,1
DA:28,1
DA:29,3
DA:30,1
DA:31,2
DA:32,0
DA:33,0
DA:34,0
DA:35,0
DA:37,2
DA:38,1
DA:39,1
DA:40,1
DA:41,0
DA:42,0
DA:43,0
DA:48,1
DA:49,1
DA:50,2
DA:51,3
DA:52,2
DA:54,0
DA:55,0
DA:59,3
DA:61,1
DA:62,2
DA:63,3
DA:64,2
DA:66,0
DA:68,2
DA:70,2
DA:71,1
DA:72,2
DA:73,3
DA:75,2
DA:76,0
DA:77,0
DA:78,0
DA:80,2
DA:81,0
DA:82,0
DA:83,0
LF:47
LH:28
end_of_record
SF:lib/presentation/device/pages/discovery_page.dart
DA:22,1
DA:24,0
DA:26,0
DA:28,0
DA:29,0
DA:32,0
DA:33,0
DA:35,0
DA:36,0
DA:37,0
DA:38,0
DA:39,0
DA:41,0
DA:56,1
DA:61,1
DA:63,1
DA:65,2
DA:66,0
DA:67,0
DA:69,0
DA:70,0
DA:76,1
DA:77,1
DA:78,1
DA:79,1
DA:80,1
DA:81,1
DA:82,1
DA:84,2
DA:86,1
DA:90,0
DA:93,1
DA:95,1
DA:96,1
DA:108,1
DA:111,2
DA:112,2
DA:114,1
DA:115,1
DA:119,0
DA:121,1
DA:123,5
DA:125,0
DA:126,0
DA:127,0
DA:128,0
DA:133,1
DA:136,1
DA:138,1
DA:140,1
DA:141,1
DA:142,1
DA:144,0
DA:145,0
DA:147,0
DA:151,1
DA:152,2
DA:156,1
DA:157,1
DA:159,1
DA:162,1
DA:163,1
DA:164,3
DA:165,1
DA:166,1
DA:167,1
DA:168,2
DA:172,2
DA:176,1
DA:177,3
DA:178,2
DA:179,2
LF:72
LH:47
end_of_record
SF:lib/presentation/network_logs/pages/logs_page.dart
DA:13,1
DA:15,1
DA:16,1
DA:23,0
DA:25,0
DA:26,0
DA:28,0
DA:29,0
DA:30,0
DA:31,0
DA:32,0
DA:33,0
DA:34,0
DA:36,0
DA:37,0
DA:38,0
DA:42,0
DA:43,0
DA:47,0
DA:51,1
DA:53,1
DA:56,1
DA:58,1
DA:61,0
DA:62,0
DA:63,0
DA:65,0
DA:72,1
DA:74,1
DA:76,1
DA:77,1
DA:78,2
DA:79,1
DA:80,1
DA:81,1
DA:82,1
DA:83,0
DA:84,0
DA:86,1
DA:87,1
DA:88,1
DA:89,0
DA:96,1
DA:97,1
DA:98,2
DA:99,1
DA:100,1
DA:101,0
DA:104,2
DA:105,2
DA:108,1
DA:109,2
DA:110,2
DA:111,2
DA:112,0
DA:114,2
LF:56
LH:31
end_of_record
SF:lib/presentation/service/pages/action_page.dart
DA:14,1
DA:18,1
DA:20,1
DA:21,1
DA:27,2
DA:28,3
DA:29,4
DA:32,2
DA:33,3
DA:34,4
DA:39,0
DA:42,0
DA:43,0
DA:45,0
DA:52,0
DA:55,0
DA:57,0
DA:58,0
DA:60,0
DA:61,0
DA:65,0
DA:66,0
DA:67,0
DA:68,0
DA:70,0
DA:73,1
DA:75,1
DA:77,1
DA:79,1
DA:80,3
DA:81,0
DA:86,1
DA:87,3
DA:88,2
DA:89,1
DA:90,1
DA:91,1
DA:92,2
DA:94,2
DA:95,0
DA:96,0
DA:97,0
DA:101,1
DA:102,1
DA:103,1
DA:104,1
DA:105,4
DA:106,1
DA:107,1
DA:108,1
DA:109,1
DA:110,1
DA:111,0
DA:113,1
DA:114,4
DA:117,1
DA:118,1
DA:119,3
DA:120,1
DA:121,1
DA:122,2
LF:61
LH:41
end_of_record
SF:lib/application/network_logs/filters_service.dart
DA:16,1
DA:17,3
DA:20,0
DA:21,0
DA:22,0
DA:24,0
DA:25,0
DA:26,0
DA:27,0
DA:28,0
DA:29,0
DA:33,0
DA:36,0
DA:39,0
DA:40,0
DA:41,0
DA:43,0
DA:47,0
DA:49,0
DA:50,0
DA:52,0
DA:53,0
DA:55,0
DA:57,0
DA:59,0
DA:61,0
DA:63,0
DA:65,0
DA:68,0
DA:69,0
DA:72,0
DA:73,0
DA:74,0
DA:75,0
DA:78,0
DA:79,0
DA:80,0
DA:81,0
DA:84,0
DA:85,0
DA:87,0
DA:88,0
DA:91,0
DA:94,0
DA:95,0
DA:96,0
LF:46
LH:2
end_of_record
SF:lib/application/flavors/google/google_features.dart
DA:6,0
DA:8,0
DA:10,0
LF:3
LH:0
end_of_record
SF:lib/application/ioc.dart
DA:10,3
DA:12,1
DA:17,1
DA:18,1
DA:24,0
DA:26,0
DA:28,0
DA:29,0
DA:31,0
DA:36,0
DA:37,0
DA:39,0
DA:40,0
LF:13
LH:4
end_of_record
SF:lib/application/settings/palette.dart
DA:7,1
DA:11,1
DA:12,0
DA:18,1
DA:22,1
DA:23,0
DA:29,1
DA:34,1
DA:36,1
DA:37,1
DA:40,1
DA:42,2
DA:45,2
DA:46,3
LF:14
LH:12
end_of_record
SF:lib/application/application.dart
DA:14,0
DA:16,0
DA:17,0
DA:20,1
LF:4
LH:1
end_of_record
SF:lib/application/bug_report_service.dart
DA:8,0
DA:9,0
DA:10,0
DA:12,0
LF:4
LH:0
end_of_record
SF:lib/application/contributor_service.dart
DA:17,0
DA:22,0
DA:23,0
DA:27,0
DA:28,0
DA:29,0
DA:30,0
DA:31,0
DA:32,0
DA:34,0
DA:35,0
DA:38,0
DA:39,0
DA:40,0
LF:14
LH:0
end_of_record
SF:lib/packages/github/contributor.dart
DA:15,0
DA:22,0
DA:25,0
DA:26,0
DA:29,0
DA:34,0
DA:35,0
DA:36,0
DA:37,0
LF:9
LH:0
end_of_record
SF:lib/presentation/device/pages/service.dart
DA:23,3
DA:24,3
DA:26,1
DA:30,2
DA:31,0
DA:32,0
DA:33,0
DA:37,4
DA:38,2
DA:39,1
DA:41,4
DA:46,1
DA:50,2
DA:51,1
DA:52,1
DA:53,2
DA:54,1
DA:55,1
DA:56,1
DA:57,0
DA:61,5
DA:62,1
DA:63,2
DA:64,2
DA:65,1
DA:66,2
DA:67,1
DA:75,0
DA:76,0
DA:77,0
DA:78,0
DA:79,0
DA:83,1
DA:84,2
DA:85,0
DA:88,4
DA:89,1
DA:93,1
DA:94,1
DA:95,3
DA:97,1
DA:98,3
DA:99,2
DA:104,0
DA:105,0
DA:106,0
LF:46
LH:33
end_of_record
SF:lib/application/logger_factory.dart
DA:8,0
DA:9,0
DA:32,0
DA:37,0
DA:41,0
DA:46,0
DA:50,0
DA:56,0
DA:60,0
DA:67,0
DA:71,0
DA:77,0
DA:81,0
DA:83,0
DA:88,0
DA:90,0
DA:91,0
DA:92,0
DA:93,0
DA:94,0
DA:95,0
DA:96,0
DA:97,0
DA:99,0
DA:100,0
DA:102,0
DA:103,0
DA:105,0
DA:107,0
DA:109,0
DA:110,0
DA:111,0
DA:112,0
DA:117,0
DA:118,0
DA:120,0
DA:121,0
DA:123,0
DA:125,0
DA:127,0
DA:128,0
DA:129,0
DA:130,0
DA:136,0
LF:44
LH:0
end_of_record
SF:lib/application/settings/settings_repository.dart
DA:37,0
DA:39,0
DA:40,0
DA:41,0
DA:43,0
DA:45,0
DA:47,0
DA:49,0
DA:51,0
DA:53,0
DA:55,0
DA:57,0
DA:59,0
DA:61,0
DA:63,0
DA:65,0
DA:68,0
DA:69,0
DA:72,0
DA:73,0
DA:74,0
DA:75,0
DA:76,0
DA:77,0
DA:78,0
DA:79,0
DA:84,0
DA:87,0
DA:91,0
DA:92,0
DA:103,0
DA:105,0
DA:110,0
DA:111,0
DA:113,0
DA:114,0
DA:117,0
LF:37
LH:0
end_of_record
SF:lib/application/network_logs/property_filter.dart
DA:7,0
DA:12,0
DA:14,0
DA:15,0
DA:19,0
DA:21,0
DA:24,0
DA:25,0
DA:28,0
DA:29,0
DA:30,0
DA:32,0
LF:12
LH:0
end_of_record
SF:lib/application/routing/routes.dart
DA:5,0
DA:10,0
DA:11,0
DA:12,0
DA:22,0
DA:29,0
DA:30,0
DA:31,0
DA:35,0
DA:37,0
LF:10
LH:0
end_of_record
SF:lib/application/settings/protocol_settings.dart
DA:25,2
DA:32,0
DA:38,0
DA:39,0
DA:40,0
DA:41,0
DA:42,0
DA:45,0
DA:46,0
DA:48,0
LF:10
LH:1
end_of_record
SF:lib/application/settings/protocol_settings.g.dart
DA:9,0
DA:10,0
DA:11,0
DA:12,0
DA:13,0
DA:14,0
DA:17,0
DA:18,0
DA:19,0
DA:20,0
DA:21,0
DA:22,0
LF:12
LH:0
end_of_record
SF:lib/application/settings/settings.dart
DA:14,0
DA:15,0
DA:16,0
DA:24,0
DA:25,0
DA:28,0
DA:29,0
DA:30,0
DA:38,0
DA:39,0
DA:60,0
DA:65,0
DA:71,0
DA:76,0
DA:77,0
DA:78,0
DA:79,0
DA:83,0
DA:84,0
DA:86,0
DA:87,0
DA:89,0
DA:91,0
DA:92,0
LF:24
LH:0
end_of_record
SF:lib/application/settings/settings.g.dart
DA:9,0
DA:10,0
DA:12,0
DA:13,0
DA:15,0
DA:16,0
DA:18,0
DA:21,0
DA:22,0
DA:23,0
DA:24,0
LF:11
LH:0
end_of_record
SF:lib/domain/value_converter.dart
DA:4,1
DA:19,1
DA:21,0
DA:23,0
DA:26,0
DA:28,0
DA:32,0
DA:37,0
LF:8
LH:2
end_of_record
SF:lib/presentation/core/widgets/model_binding.dart
DA:4,0
DA:8,0
DA:12,0
DA:17,0
DA:22,0
DA:23,0
DA:29,0
DA:31,0
DA:33,0
DA:35,0
DA:39,0
DA:42,0
DA:44,0
DA:50,0
DA:57,0
DA:59,0
DA:60,0
DA:63,0
DA:64,0
DA:65,0
DA:67,0
DA:68,0
DA:73,0
DA:75,0
DA:77,0
LF:25
LH:0
end_of_record
SF:lib/application/validators.dart
DA:1,0
DA:2,0
DA:3,0
DA:5,0
DA:7,0
DA:9,0
DA:11,0
DA:13,0
DA:14,0
DA:16,0
DA:17,0
DA:19,0
DA:20,0
DA:23,0
DA:24,0
DA:25,0
DA:26,0
DA:27,0
DA:28,0
DA:29,0
DA:30,0
LF:21
LH:0
end_of_record
SF:lib/presentation/changelog/page/changelog_page.dart
DA:11,0
DA:13,0
DA:14,0
DA:15,0
DA:16,0
DA:21,0
DA:22,0
DA:25,0
DA:26,0
DA:27,0
DA:41,1
DA:43,0
DA:45,0
DA:47,0
DA:48,0
DA:55,1
DA:57,0
DA:59,0
DA:61,0
DA:62,0
DA:63,0
DA:64,0
DA:65,0
DA:66,0
DA:67,0
DA:68,0
DA:69,0
DA:70,0
DA:71,0
DA:72,0
DA:78,0
DA:80,0
DA:81,0
DA:82,0
DA:83,0
DA:85,0
LF:36
LH:2
end_of_record
SF:lib/presentation/core/page/app_page.dart
DA:9,1
DA:17,1
DA:21,3
DA:22,0
DA:24,1
DA:25,1
DA:26,3
DA:27,2
DA:32,1
DA:33,1
DA:34,1
DA:35,1
DA:36,1
DA:37,1
DA:39,0
DA:41,1
DA:42,1
DA:44,1
LF:18
LH:16
end_of_record
SF:lib/presentation/core/widgets/number_ticker.dart
DA:10,0
DA:16,0
DA:18,0
DA:19,0
DA:21,0
DA:22,0
DA:24,0
DA:26,0
DA:28,0
DA:29,0
DA:30,0
DA:31,0
DA:33,0
DA:35,0
DA:36,0
DA:37,0
DA:39,0
DA:40,0
DA:42,0
DA:58,0
DA:66,0
DA:68,0
DA:70,0
DA:72,0
DA:73,0
DA:74,0
DA:75,0
DA:77,0
DA:78,0
DA:79,0
DA:80,0
DA:81,0
LF:32
LH:0
end_of_record
SF:lib/presentation/device/widgets/device_expansion_tile.dart
DA:12,1
DA:13,2
DA:20,1
DA:24,1
DA:26,2
DA:28,4
DA:30,2
DA:31,3
DA:32,0
DA:33,0
DA:35,0
DA:36,0
DA:37,0
DA:43,2
DA:44,1
DA:45,2
DA:46,0
DA:47,0
DA:49,0
DA:50,0
DA:51,0
DA:57,1
DA:59,1
DA:60,1
DA:61,1
DA:62,1
DA:63,1
DA:64,2
DA:65,1
DA:66,3
DA:67,3
DA:69,1
DA:71,1
DA:72,1
DA:74,1
DA:75,1
DA:76,3
DA:78,2
DA:79,6
DA:82,2
DA:83,4
DA:84,2
DA:85,1
DA:88,1
DA:89,5
DA:91,2
DA:93,3
DA:95,0
DA:99,2
DA:100,1
DA:101,2
DA:106,2
DA:107,1
DA:110,1
DA:111,2
DA:121,1
DA:127,1
DA:129,1
DA:130,2
DA:131,5
DA:132,1
DA:135,1
DA:137,1
DA:138,4
DA:139,1
DA:140,3
DA:141,1
DA:142,0
DA:145,4
DA:146,1
DA:147,1
DA:148,2
DA:149,1
DA:150,2
DA:152,0
DA:153,0
DA:155,0
DA:157,0
LF:78
LH:62
end_of_record
SF:lib/presentation/device/widgets/refresh_button.dart
DA:9,1
DA:12,1
DA:14,1
DA:16,1
DA:17,2
DA:18,1
DA:19,1
DA:20,2
DA:21,2
DA:22,2
DA:24,1
DA:25,2
DA:27,2
LF:13
LH:13
end_of_record
SF:lib/presentation/device/widgets/scanning_indicator.dart
DA:7,1
DA:10,1
DA:12,1
DA:14,1
DA:16,1
DA:17,2
DA:18,1
DA:20,1
DA:24,2
LF:9
LH:9
end_of_record
SF:lib/presentation/device/widgets/settings_icon_button.dart
DA:8,1
DA:10,0
DA:12,1
DA:14,1
DA:15,2
DA:17,0
DA:18,0
DA:20,0
LF:8
LH:4
end_of_record
SF:lib/presentation/device/pages/state.dart
DA:19,1
DA:26,1
DA:32,1
DA:33,1
DA:34,1
DA:35,1
DA:36,1
LF:7
LH:7
end_of_record
SF:lib/presentation/device/widgets/device_image.dart
DA:9,1
DA:13,1
DA:15,1
DA:17,1
DA:18,3
DA:20,0
DA:21,0
DA:22,0
DA:23,0
DA:24,0
DA:25,0
DA:26,0
LF:12
LH:5
end_of_record
SF:lib/presentation/device/widgets/leading_icon_builder.dart
DA:6,1
DA:11,1
DA:13,1
DA:16,2
LF:4
LH:4
end_of_record
SF:lib/presentation/device/widgets/status_dot.dart
DA:7,1
DA:9,1
DA:11,1
DA:13,1
DA:14,1
DA:15,1
DA:16,1
DA:18,1
DA:19,1
DA:20,1
DA:21,4
DA:22,1
DA:23,1
DA:25,2
LF:14
LH:14
end_of_record
SF:lib/presentation/settings/pages/settings_page.dart
DA:11,0
DA:12,0
DA:13,0
DA:17,0
DA:19,0
DA:21,0
DA:23,0
DA:24,0
DA:25,0
DA:26,0
DA:27,0
DA:28,0
DA:29,0
DA:31,0
DA:34,0
DA:35,0
DA:37,0
DA:38,0
DA:39,0
DA:41,0
DA:44,0
DA:45,0
DA:46,0
DA:47,0
DA:48,0
DA:49,0
DA:51,0
DA:56,0
DA:57,0
LF:29
LH:0
end_of_record
SF:lib/presentation/network_logs/pages/filters_page.dart
DA:13,0
DA:15,0
DA:16,0
DA:23,0
DA:24,0
DA:27,0
DA:28,0
DA:29,0
DA:31,0
DA:35,0
DA:42,0
DA:44,0
DA:45,0
DA:46,0
DA:50,0
DA:52,0
DA:54,0
DA:55,0
DA:56,0
DA:57,0
DA:59,0
DA:60,0
DA:61,0
DA:62,0
DA:66,0
DA:67,0
DA:68,0
DA:70,0
DA:71,0
DA:72,0
DA:73,0
DA:74,0
DA:77,0
DA:78,0
DA:79,0
DA:80,0
DA:81,0
DA:83,0
DA:85,0
DA:86,0
DA:87,0
DA:90,0
DA:91,0
DA:94,0
DA:95,0
DA:97,0
DA:98,0
DA:99,0
DA:101,0
DA:104,0
DA:105,0
DA:106,0
DA:110,0
DA:112,0
DA:115,0
DA:120,0
DA:121,0
DA:122,0
DA:123,0
DA:124,0
DA:125,0
LF:61
LH:0
end_of_record
SF:lib/presentation/network_logs/widgets/filter_group_expansion_tile.dart
DA:12,0
DA:21,0
DA:22,0
DA:25,0
DA:27,0
DA:29,0
DA:30,0
DA:31,0
DA:33,0
DA:34,0
DA:35,0
DA:36,0
DA:37,0
DA:38,0
DA:39,0
LF:15
LH:0
end_of_record
SF:lib/presentation/network_logs/pages/log_page.dart
DA:13,0
DA:15,0
DA:16,0
DA:17,0
DA:18,0
DA:20,0
DA:21,0
DA:22,0
DA:23,0
DA:29,0
DA:33,0
DA:36,0
DA:38,0
DA:40,0
DA:41,0
DA:42,0
DA:43,0
DA:44,0
DA:45,0
DA:48,0
DA:50,0
DA:51,0
DA:52,0
DA:53,0
DA:54,0
DA:55,0
DA:56,0
DA:57,0
DA:59,0
DA:60,0
DA:63,0
DA:64,0
DA:65,0
DA:67,0
DA:70,0
DA:71,0
DA:72,0
DA:73,0
LF:38
LH:0
end_of_record
SF:lib/presentation/network_logs/widgets/log_content.dart
DA:7,0
DA:9,0
DA:10,0
DA:12,0
DA:14,0
DA:17,0
DA:18,0
DA:20,0
DA:22,0
DA:23,0
DA:24,0
DA:25,0
DA:28,0
DA:30,0
DA:31,0
DA:32,0
DA:37,0
DA:38,0
DA:39,0
DA:40,0
DA:41,0
DA:42,0
DA:44,0
DA:45,0
DA:49,0
DA:50,0
DA:51,0
DA:52,0
DA:53,0
DA:54,0
DA:57,0
DA:61,0
DA:63,0
DA:65,0
DA:66,0
DA:67,0
DA:68,0
DA:71,0
DA:72,0
DA:73,0
DA:82,0
DA:84,0
DA:86,0
DA:87,0
DA:90,0
DA:91,0
DA:92,0
DA:93,0
DA:97,0
DA:98,0
DA:99,0
LF:51
LH:0
end_of_record
SF:lib/presentation/network_logs/widgets/log_direction.dart
DA:8,1
DA:10,1
DA:11,2
DA:18,1
DA:20,1
DA:22,2
DA:23,5
DA:25,4
LF:8
LH:8
end_of_record
SF:lib/presentation/network_logs/widgets/timestamp.dart
DA:7,1
DA:9,1
DA:11,1
DA:12,3
DA:13,1
LF:5
LH:5
end_of_record
SF:lib/presentation/network_logs/widgets/log_item.dart
DA:10,1
DA:12,1
DA:14,2
DA:18,1
DA:19,1
DA:20,0
DA:24,1
DA:27,1
DA:28,1
DA:29,1
DA:30,1
DA:31,1
DA:34,1
DA:35,1
DA:37,1
DA:38,1
DA:39,1
DA:52,1
DA:53,1
DA:54,3
DA:66,1
DA:70,1
DA:72,1
DA:74,1
DA:75,1
DA:76,1
DA:81,1
DA:83,1
DA:84,3
DA:85,1
DA:86,1
DA:87,1
DA:88,2
DA:89,1
DA:91,1
DA:92,3
DA:95,5
DA:96,3
DA:97,2
LF:39
LH:38
end_of_record
SF:lib/presentation/service/widgets/action_input.dart
DA:12,1
DA:16,1
DA:18,1
DA:19,1
DA:26,1
DA:28,4
DA:29,4
DA:32,1
DA:33,1
DA:36,3
DA:37,2
DA:40,2
DA:41,2
DA:44,0
DA:47,1
DA:49,1
DA:51,2
DA:52,2
DA:53,2
DA:54,2
DA:58,0
DA:59,0
DA:63,0
DA:66,0
DA:67,0
DA:68,0
DA:72,1
DA:73,4
DA:74,4
DA:76,1
DA:78,3
DA:79,0
DA:84,1
DA:86,2
DA:87,1
DA:89,1
DA:91,1
DA:92,1
DA:93,1
DA:95,1
DA:96,1
DA:97,1
DA:98,1
DA:100,4
DA:101,1
DA:118,1
DA:124,1
DA:126,1
DA:127,3
DA:128,1
DA:129,1
DA:130,1
DA:131,1
DA:132,1
DA:136,2
DA:137,1
DA:138,1
DA:139,1
DA:140,1
DA:141,1
DA:145,4
DA:146,0
DA:147,0
DA:148,0
DA:152,1
DA:153,1
DA:154,1
DA:155,1
DA:156,1
DA:160,1
DA:162,1
DA:163,1
DA:164,2
DA:165,3
DA:167,1
DA:176,0
DA:180,0
DA:182,0
DA:183,0
DA:186,0
DA:188,0
DA:189,0
DA:190,0
DA:201,1
DA:207,1
DA:209,1
DA:210,1
DA:219,1
DA:221,4
DA:222,6
DA:223,6
DA:224,9
DA:225,1
DA:228,4
DA:230,0
DA:231,0
DA:234,0
DA:235,0
DA:236,0
DA:240,1
DA:242,1
DA:243,1
DA:244,1
DA:245,1
DA:246,1
DA:247,1
DA:248,1
DA:249,1
DA:260,1
DA:266,1
DA:268,1
DA:269,1
DA:270,3
DA:271,2
DA:273,1
DA:279,1
DA:281,1
DA:283,1
DA:284,1
DA:285,1
DA:296,1
DA:302,1
DA:304,1
DA:305,1
DA:313,1
DA:315,7
DA:317,2
DA:318,4
DA:321,2
DA:322,0
DA:323,0
DA:327,1
DA:330,0
DA:331,0
DA:334,3
DA:336,1
DA:338,1
DA:339,1
DA:340,1
DA:342,1
DA:343,1
DA:344,0
DA:345,1
DA:346,1
DA:347,1
DA:358,1
DA:363,3
DA:365,1
DA:366,2
DA:369,1
DA:370,1
DA:371,1
DA:372,1
DA:377,1
DA:379,1
DA:380,1
DA:381,1
DA:382,1
DA:384,1
DA:385,1
DA:386,1
DA:387,1
DA:388,1
DA:389,1
DA:392,1
DA:393,1
DA:394,1
DA:395,1
DA:396,1
DA:397,1
DA:401,1
DA:402,1
DA:403,1
DA:404,1
DA:405,1
DA:407,1
DA:414,1
DA:416,1
DA:418,1
DA:420,1
DA:422,1
DA:425,1
DA:426,1
DA:427,1
DA:428,1
DA:429,1
DA:431,1
DA:433,1
DA:437,0
LF:189
LH:159
end_of_record
SF:lib/presentation/service/widgets/action_output.dart
DA:15,0
DA:19,0
DA:21,0
DA:23,0
DA:24,0
DA:26,0
DA:28,0
DA:30,0
DA:31,0
DA:32,0
DA:33,0
DA:35,0
DA:36,0
DA:37,0
DA:38,0
DA:51,0
DA:55,0
DA:57,0
DA:59,0
DA:60,0
DA:61,0
DA:63,0
DA:64,0
DA:65,0
DA:66,0
DA:72,0
DA:75,0
DA:77,0
DA:78,0
DA:79,0
DA:84,0
DA:85,0
DA:86,0
DA:87,0
DA:88,0
DA:92,0
DA:93,0
DA:94,0
DA:95,0
DA:104,0
DA:105,0
DA:107,0
DA:109,0
DA:110,0
DA:118,0
DA:120,0
DA:121,0
DA:122,0
DA:124,0
DA:130,0
DA:137,0
DA:138,0
DA:141,0
DA:146,0
LF:54
LH:0
end_of_record
SF:lib/presentation/service/widgets/send_command_button.dart
DA:8,1
DA:12,1
DA:14,1
DA:16,1
DA:18,1
DA:19,0
DA:20,0
DA:21,0
DA:23,1
DA:24,2
DA:25,1
DA:29,1
DA:30,1
DA:31,1
LF:14
LH:11
end_of_record
SF:lib/presentation/service/widgets/labeled_field.dart
DA:7,1
DA:11,1
DA:13,1
DA:15,1
DA:17,1
DA:19,1
DA:21,1
LF:7
LH:7
end_of_record
SF:lib/presentation/service/widgets/action_output_dialog.dart
DA:9,0
DA:15,0
DA:17,0
DA:18,0
DA:20,0
DA:21,0
DA:22,0
DA:23,0
DA:24,0
DA:26,0
DA:28,0
DA:30,0
DA:31,0
DA:32,0
DA:33,0
DA:40,0
DA:41,0
DA:42,0
DA:43,0
DA:44,0
DA:47,0
DA:49,0
DA:50,0
DA:51,0
LF:24
LH:0
end_of_record
SF:lib/presentation/settings/pages/about/about_settings_page.dart
DA:20,0
DA:22,0
DA:23,0
DA:24,0
DA:28,0
DA:29,0
DA:32,0
DA:33,0
DA:34,0
DA:35,0
DA:37,0
DA:38,0
DA:39,0
DA:40,0
DA:41,0
DA:42,0
DA:44,0
DA:49,0
DA:51,0
DA:52,0
DA:54,0
DA:55,0
DA:56,0
DA:57,0
DA:58,0
DA:59,0
DA:60,0
DA:61,0
DA:62,0
DA:64,0
DA:65,0
DA:66,0
DA:67,0
DA:68,0
DA:70,0
DA:73,0
DA:74,0
DA:75,0
DA:76,0
DA:77,0
DA:78,0
DA:80,0
DA:81,0
DA:82,0
DA:83,0
DA:84,0
DA:86,0
DA:89,0
DA:90,0
DA:91,0
DA:92,0
DA:93,0
DA:95,0
DA:96,0
DA:97,0
DA:98,0
DA:99,0
DA:100,0
DA:105,0
DA:106,0
DA:107,0
DA:109,0
DA:112,0
DA:113,0
DA:114,0
LF:65
LH:0
end_of_record
SF:lib/presentation/settings/widgets/settings/about_tile.dart
DA:6,0
DA:10,0
DA:12,0
DA:14,0
DA:16,0
DA:17,0
DA:18,0
DA:20,0
DA:22,0
DA:24,0
DA:27,0
LF:11
LH:0
end_of_record
SF:lib/presentation/settings/widgets/settings_category_page.dart
DA:9,0
DA:13,0
DA:15,0
DA:17,0
DA:18,0
DA:19,0
LF:6
LH:0
end_of_record
SF:lib/presentation/settings/widgets/settings_category_tile.dart
DA:4,0
DA:6,0
DA:8,0
DA:20,0
DA:29,0
DA:30,0
DA:37,0
DA:38,0
DA:39,0
DA:41,0
DA:44,0
DA:48,0
DA:49,0
DA:51,0
DA:55,0
DA:57,0
DA:58,0
DA:59,0
DA:60,0
DA:61,0
DA:62,0
DA:63,0
DA:65,0
DA:66,0
DA:67,0
DA:68,0
LF:26
LH:0
end_of_record
SF:lib/presentation/settings/widgets/version_text.dart
DA:8,0
DA:10,0
DA:11,0
DA:12,0
DA:13,0
DA:14,0
DA:17,0
DA:18,0
LF:8
LH:0
end_of_record
SF:lib/presentation/settings/pages/about/contributors_page.dart
DA:11,0
DA:12,0
DA:18,0
DA:20,0
DA:21,0
DA:24,0
DA:26,0
DA:28,0
DA:29,0
DA:30,0
DA:31,0
DA:32,0
DA:33,0
DA:34,0
DA:35,0
DA:36,0
DA:38,0
DA:40,0
DA:41,0
DA:42,0
DA:43,0
DA:45,0
DA:46,0
DA:47,0
DA:48,0
DA:49,0
DA:54,0
DA:67,0
DA:69,0
DA:71,0
DA:72,0
DA:73,0
DA:74,0
DA:75,0
DA:76,0
DA:78,0
DA:79,0
DA:80,0
DA:81,0
LF:39
LH:0
end_of_record
SF:lib/presentation/settings/pages/display/display_settings_page.dart
DA:13,0
DA:15,0
DA:16,0
DA:17,0
DA:20,0
DA:22,0
DA:23,0
DA:25,0
DA:26,0
DA:27,0
DA:28,0
DA:29,0
DA:30,0
DA:31,0
DA:32,0
DA:34,0
DA:37,0
DA:38,0
DA:39,0
DA:40,0
DA:41,0
DA:43,0
DA:44,0
DA:46,0
DA:49,0
LF:25
LH:0
end_of_record
SF:lib/presentation/settings/pages/display/theme_settings_page.dart
DA:10,0
DA:12,0
DA:14,0
DA:15,0
DA:18,0
DA:19,0
DA:21,0
DA:22,0
DA:27,0
DA:29,0
DA:32,0
DA:35,0
DA:37,0
DA:38,0
DA:39,0
DA:41,0
DA:42,0
DA:43,0
DA:44,0
DA:45,0
DA:46,0
DA:47,0
DA:48,0
DA:49,0
LF:24
LH:0
end_of_record
SF:lib/presentation/settings/pages/display/visual_density_page.dart
DA:9,0
DA:11,0
DA:13,0
DA:14,0
DA:16,0
DA:19,0
DA:20,0
DA:23,0
DA:28,0
DA:30,0
DA:33,0
DA:36,0
DA:38,0
DA:39,0
LF:14
LH:0
end_of_record
SF:lib/presentation/settings/pages/protocol/advanced_mode_page.dart
DA:10,0
DA:12,0
DA:14,0
DA:15,0
DA:17,0
DA:18,0
DA:19,0
DA:21,0
DA:22,0
DA:23,0
DA:24,0
DA:26,0
DA:27,0
DA:33,0
DA:34,0
LF:15
LH:0
end_of_record
SF:lib/presentation/settings/widgets/settings/highlight_switch_tile.dart
DA:8,0
DA:14,0
DA:19,0
DA:20,0
DA:21,0
DA:26,0
DA:27,0
DA:28,0
DA:29,0
DA:34,0
DA:36,0
DA:38,0
DA:40,0
DA:41,0
DA:43,0
DA:48,0
DA:50,0
DA:54,0
DA:57,0
DA:58,0
DA:60,0
DA:61,0
DA:62,0
DA:63,0
DA:64,0
LF:25
LH:0
end_of_record
SF:lib/presentation/settings/pages/protocol/maximum_response_delay_page.dart
DA:10,0
DA:12,0
DA:14,0
DA:21,0
DA:23,0
DA:24,0
DA:25,0
DA:26,0
DA:29,0
DA:30,0
DA:31,0
DA:35,0
DA:37,0
DA:38,0
DA:39,0
DA:41,0
DA:42,0
DA:43,0
DA:45,0
DA:46,0
DA:47,0
DA:48,0
DA:53,0
DA:54,0
DA:55,0
DA:57,0
DA:59,0
DA:60,0
DA:61,0
DA:64,0
DA:65,0
DA:66,0
DA:67,0
DA:68,0
DA:70,0
DA:72,0
DA:73,0
LF:37
LH:0
end_of_record
SF:lib/presentation/settings/pages/protocol/multicast_hops_page.dart
DA:11,0
DA:13,0
DA:14,0
DA:19,0
DA:21,0
DA:22,0
DA:25,0
DA:26,0
DA:27,0
DA:31,0
DA:33,0
DA:34,0
DA:36,0
DA:37,0
DA:38,0
DA:40,0
DA:41,0
DA:45,0
DA:46,0
DA:47,0
DA:48,0
DA:49,0
DA:50,0
DA:52,0
DA:54,0
DA:55,0
DA:56,0
LF:27
LH:0
end_of_record
SF:lib/presentation/settings/pages/protocol/protocol_settings_page.dart
DA:12,0
DA:14,0
DA:15,0
DA:16,0
DA:19,0
DA:21,0
DA:22,0
DA:24,0
DA:25,0
DA:26,0
DA:27,0
DA:28,0
DA:29,0
DA:30,0
DA:31,0
DA:33,0
DA:34,0
DA:35,0
DA:36,0
DA:37,0
DA:39,0
DA:40,0
DA:41,0
DA:42,0
DA:43,0
LF:25
LH:0
end_of_record
SF:lib/presentation/settings/widgets/settings/category_tile.dart
DA:13,0
DA:21,0
DA:23,0
DA:25,0
DA:28,0
DA:29,0
DA:31,0
DA:32,0
DA:34,0
DA:35,0
DA:38,0
DA:40,0
DA:41,0
DA:42,0
LF:14
LH:0
end_of_record
