SF:lib\data\options.dart
DA:9,1
DA:15,0
DA:20,0
DA:21,0
DA:22,0
DA:23,0
DA:27,1
DA:28,1
DA:29,1
DA:30,1
DA:31,1
DA:40,2
DA:46,0
DA:51,0
DA:52,0
DA:53,0
DA:54,0
DA:58,1
DA:59,1
DA:62,1
DA:70,0
DA:72,0
DA:73,0
DA:76,0
DA:78,0
DA:79,0
DA:82,1
DA:83,1
DA:84,1
DA:85,1
DA:86,1
DA:93,0
DA:97,0
DA:98,0
DA:100,0
DA:105,0
DA:109,0
DA:110,0
DA:115,0
DA:116,0
DA:122,0
DA:124,0
DA:125,0
DA:128,0
DA:129,0
DA:130,0
DA:131,0
DA:136,0
DA:138,0
DA:140,0
DA:145,1
DA:146,1
DA:147,2
DA:148,2
LF:54
LH:19
end_of_record
SF:lib\data\options_repository.dart
DA:22,1
DA:24,1
DA:25,3
DA:26,2
DA:28,2
DA:30,2
DA:32,2
DA:34,2
DA:36,2
DA:38,2
DA:40,2
DA:42,2
DA:44,2
DA:46,2
DA:48,2
DA:53,1
DA:55,2
DA:56,1
DA:57,2
DA:58,2
DA:59,2
DA:60,2
DA:61,2
DA:63,1
DA:64,2
DA:65,1
DA:68,1
DA:70,1
DA:74,1
DA:81,1
LF:30
LH:30
end_of_record
SF:lib\domain\value_converter.dart
DA:4,1
DA:19,1
DA:21,0
DA:23,0
DA:26,0
DA:28,0
DA:32,1
DA:36,2
DA:37,3
DA:38,1
DA:42,1
LF:11
LH:7
end_of_record
